<?xml version="1.0" encoding="UTF-8"?>
<testng-results ignored="0" total="5" passed="5" failed="0" skipped="0">
  <reporter-output>
  </reporter-output>
  <suite started-at="2022-12-18T13:31:06 IST" name="Suite" finished-at="2022-12-18T13:31:24 IST" duration-ms="17990">
    <groups>
    </groups>
    <test started-at="2022-12-18T13:31:06 IST" name="Test" finished-at="2022-12-18T13:31:24 IST" duration-ms="17990">
      <class name="org.testing.testCases.TC2_GetAllRequest">
        <test-method signature="testcase2()[pri:0, instance:org.testing.testCases.TC2_GetAllRequest@6e171cd7]" started-at="2022-12-18T13:31:23 IST" name="testcase2" finished-at="2022-12-18T13:31:23 IST" duration-ms="166" status="PASS">
          <reporter-output>
          </reporter-output>
        </test-method> <!-- testcase2 -->
      </class> <!-- org.testing.testCases.TC2_GetAllRequest -->
      <class name="org.testing.testCases.TC5_DeleteRequest">
        <test-method signature="testcase5()[pri:0, instance:org.testing.testCases.TC5_DeleteRequest@59fd97a8]" started-at="2022-12-18T13:31:24 IST" name="testcase5" finished-at="2022-12-18T13:31:24 IST" duration-ms="83" status="PASS">
          <reporter-output>
          </reporter-output>
        </test-method> <!-- testcase5 -->
      </class> <!-- org.testing.testCases.TC5_DeleteRequest -->
      <class name="org.testing.testCases.TC3_GetParticularRecord">
        <test-method signature="Testcase3()[pri:0, instance:org.testing.testCases.TC3_GetParticularRecord@402bba4f]" started-at="2022-12-18T13:31:23 IST" name="Testcase3" finished-at="2022-12-18T13:31:24 IST" duration-ms="46" status="PASS">
          <reporter-output>
          </reporter-output>
        </test-method> <!-- Testcase3 -->
      </class> <!-- org.testing.testCases.TC3_GetParticularRecord -->
      <class name="org.testing.testCases.TC4_PutRequest">
        <test-method signature="testcase4()[pri:0, instance:org.testing.testCases.TC4_PutRequest@795cd85e]" started-at="2022-12-18T13:31:24 IST" name="testcase4" finished-at="2022-12-18T13:31:24 IST" duration-ms="39" status="PASS">
          <reporter-output>
          </reporter-output>
        </test-method> <!-- testcase4 -->
      </class> <!-- org.testing.testCases.TC4_PutRequest -->
      <class name="org.testing.testCases.TC1_PostRequest">
        <test-method signature="testcase1()[pri:0, instance:org.testing.testCases.TC1_PostRequest@5f058f00]" started-at="2022-12-18T13:31:06 IST" name="testcase1" finished-at="2022-12-18T13:31:23 IST" duration-ms="17550" status="PASS">
          <reporter-output>
          </reporter-output>
        </test-method> <!-- testcase1 -->
      </class> <!-- org.testing.testCases.TC1_PostRequest -->
    </test> <!-- Test -->
  </suite> <!-- Suite -->
</testng-results>
