<?xml version="1.0" encoding="UTF-8"?>
<!-- Generated by org.testng.reporters.JUnitXMLReporter -->
<testsuite ignored="0" hostname="LAPTOP-M5OIHFCV" failures="0" tests="5" name="Test" time="17.99" errors="0" timestamp="2022-12-18T13:31:24 IST">
  <testcase classname="org.testing.testCases.TC1_PostRequest" name="testcase1" time="17.55"/>
  <testcase classname="org.testing.testCases.TC2_GetAllRequest" name="testcase2" time="0.166"/>
  <testcase classname="org.testing.testCases.TC3_GetParticularRecord" name="Testcase3" time="0.046"/>
  <testcase classname="org.testing.testCases.TC4_PutRequest" name="testcase4" time="0.039"/>
  <testcase classname="org.testing.testCases.TC5_DeleteRequest" name="testcase5" time="0.083"/>
</testsuite> <!-- Test -->
